<?xml version="1.0" encoding="UTF-8"?>
<testsuites name="jest tests" tests="12" failures="6" errors="0" time="2.626">
  <testsuite name="validate iirds xml" errors="0" failures="6" skipped="0" timestamp="2022-08-29T08:20:06" time="1.446" tests="12">
    <testcase classname="validate iirds xml iiRDS Generators MUST NOT use the iirds:Infor... - [T][0]" name="validate iirds xml iiRDS Generators MUST NOT use the iirds:Infor... - [T][0]" time="0.056">
    </testcase>
    <testcase classname="validate iirds xml iiRDS Generators MUST NOT use the iirds:Infor... - [F][0]" name="validate iirds xml iiRDS Generators MUST NOT use the iirds:Infor... - [F][0]" time="0.036">
    </testcase>
    <testcase classname="validate iirds xml An instance of an iirds:InformationUnit subcl... - [T][0]" name="validate iirds xml An instance of an iirds:InformationUnit subcl... - [T][0]" time="0.026">
    </testcase>
    <testcase classname="validate iirds xml An instance of an iirds:InformationUnit subcl... - [F][0]" name="validate iirds xml An instance of an iirds:InformationUnit subcl... - [F][0]" time="0.037">
      <failure>assert.strictEqual(received, expected)

Expected value to strictly be equal to:
  false
Received:
  true

Message:
  expected true to equal false
    at Object.&lt;anonymous&gt; (C:\Work\iirds-validation-tool\tests\unit\util\validation-rules.spec.js:23:40)
    at Object.asyncJestTest (C:\Work\iirds-validation-tool\node_modules\jest-jasmine2\build\jasmineAsyncInstall.js:102:37)
    at C:\Work\iirds-validation-tool\node_modules\jest-jasmine2\build\queueRunner.js:43:12
    at new Promise (&lt;anonymous&gt;)
    at mapper (C:\Work\iirds-validation-tool\node_modules\jest-jasmine2\build\queueRunner.js:26:19)
    at C:\Work\iirds-validation-tool\node_modules\jest-jasmine2\build\queueRunner.js:73:41
    at processTicksAndRejections (internal/process/task_queues.js:95:5)</failure>
    </testcase>
    <testcase classname="validate iirds xml Each iiRDS package MUST have exactly one corr... - [T][0]" name="validate iirds xml Each iiRDS package MUST have exactly one corr... - [T][0]" time="0.013">
    </testcase>
    <testcase classname="validate iirds xml Each iiRDS package MUST have exactly one corr... - [F][0]" name="validate iirds xml Each iiRDS package MUST have exactly one corr... - [F][0]" time="0.011">
      <failure>assert.strictEqual(received, expected)

Expected value to strictly be equal to:
  false
Received:
  true

Message:
  expected true to equal false
    at Object.&lt;anonymous&gt; (C:\Work\iirds-validation-tool\tests\unit\util\validation-rules.spec.js:23:40)
    at Object.asyncJestTest (C:\Work\iirds-validation-tool\node_modules\jest-jasmine2\build\jasmineAsyncInstall.js:102:37)
    at C:\Work\iirds-validation-tool\node_modules\jest-jasmine2\build\queueRunner.js:43:12
    at new Promise (&lt;anonymous&gt;)
    at mapper (C:\Work\iirds-validation-tool\node_modules\jest-jasmine2\build\queueRunner.js:26:19)
    at C:\Work\iirds-validation-tool\node_modules\jest-jasmine2\build\queueRunner.js:73:41
    at processTicksAndRejections (internal/process/task_queues.js:95:5)</failure>
    </testcase>
    <testcase classname="validate iirds xml An iirds:Rendition MUST have the property iir... - [T][0]" name="validate iirds xml An iirds:Rendition MUST have the property iir... - [T][0]" time="0.015">
    </testcase>
    <testcase classname="validate iirds xml An iirds:Rendition MUST have the property iir... - [F][0]" name="validate iirds xml An iirds:Rendition MUST have the property iir... - [F][0]" time="0.013">
      <failure>assert.strictEqual(received, expected)

Expected value to strictly be equal to:
  false
Received:
  true

Message:
  expected true to equal false
    at Object.&lt;anonymous&gt; (C:\Work\iirds-validation-tool\tests\unit\util\validation-rules.spec.js:23:40)
    at Object.asyncJestTest (C:\Work\iirds-validation-tool\node_modules\jest-jasmine2\build\jasmineAsyncInstall.js:102:37)
    at C:\Work\iirds-validation-tool\node_modules\jest-jasmine2\build\queueRunner.js:43:12
    at new Promise (&lt;anonymous&gt;)
    at mapper (C:\Work\iirds-validation-tool\node_modules\jest-jasmine2\build\queueRunner.js:26:19)
    at C:\Work\iirds-validation-tool\node_modules\jest-jasmine2\build\queueRunner.js:73:41
    at processTicksAndRejections (internal/process/task_queues.js:95:5)</failure>
    </testcase>
    <testcase classname="validate iirds xml An iirds:Rendition MUST have the property iir... - [T][0]" name="validate iirds xml An iirds:Rendition MUST have the property iir... - [T][0]" time="0.012">
    </testcase>
    <testcase classname="validate iirds xml An iirds:Rendition MUST have the property iir... - [F][0]" name="validate iirds xml An iirds:Rendition MUST have the property iir... - [F][0]" time="0.01">
      <failure>assert.strictEqual(received, expected)

Expected value to strictly be equal to:
  false
Received:
  true

Message:
  expected true to equal false
    at Object.&lt;anonymous&gt; (C:\Work\iirds-validation-tool\tests\unit\util\validation-rules.spec.js:23:40)
    at Object.asyncJestTest (C:\Work\iirds-validation-tool\node_modules\jest-jasmine2\build\jasmineAsyncInstall.js:102:37)
    at C:\Work\iirds-validation-tool\node_modules\jest-jasmine2\build\queueRunner.js:43:12
    at new Promise (&lt;anonymous&gt;)
    at mapper (C:\Work\iirds-validation-tool\node_modules\jest-jasmine2\build\queueRunner.js:26:19)
    at C:\Work\iirds-validation-tool\node_modules\jest-jasmine2\build\queueRunner.js:73:41
    at processTicksAndRejections (internal/process/task_queues.js:95:5)</failure>
    </testcase>
    <testcase classname="validate iirds xml iirds:Package elements representing the enclo... - [T][0]" name="validate iirds xml iirds:Package elements representing the enclo... - [T][0]" time="0.019">
      <failure>TypeError: iirdsRule.assert is not a function
    at iirdsValidateXmlRule (C:\Work\iirds-validation-tool\src\util\validator-schema.js:63:30)
    at Object.&lt;anonymous&gt; (C:\Work\iirds-validation-tool\tests\unit\util\validation-rules.spec.js:22:34)
    at Object.asyncJestTest (C:\Work\iirds-validation-tool\node_modules\jest-jasmine2\build\jasmineAsyncInstall.js:102:37)
    at C:\Work\iirds-validation-tool\node_modules\jest-jasmine2\build\queueRunner.js:43:12
    at new Promise (&lt;anonymous&gt;)
    at mapper (C:\Work\iirds-validation-tool\node_modules\jest-jasmine2\build\queueRunner.js:26:19)
    at C:\Work\iirds-validation-tool\node_modules\jest-jasmine2\build\queueRunner.js:73:41
    at processTicksAndRejections (internal/process/task_queues.js:95:5)</failure>
    </testcase>
    <testcase classname="validate iirds xml iirds:Package elements representing the enclo... - [F][0]" name="validate iirds xml iirds:Package elements representing the enclo... - [F][0]" time="0.001">
      <failure>Error: ENOENT: no such file or directory, open
    at Object.openSync (fs.js:498:3)
    at readFileSync (fs.js:394:35)
    at Object.&lt;anonymous&gt; (C:\Work\iirds-validation-tool\tests\unit\util\validation-rules.spec.js:19:40)
    at Object.asyncJestTest (C:\Work\iirds-validation-tool\node_modules\jest-jasmine2\build\jasmineAsyncInstall.js:102:37)
    at C:\Work\iirds-validation-tool\node_modules\jest-jasmine2\build\queueRunner.js:43:12
    at new Promise (&lt;anonymous&gt;)
    at mapper (C:\Work\iirds-validation-tool\node_modules\jest-jasmine2\build\queueRunner.js:26:19)
    at C:\Work\iirds-validation-tool\node_modules\jest-jasmine2\build\queueRunner.js:73:41
    at processTicksAndRejections (internal/process/task_queues.js:95:5)</failure>
    </testcase>
  </testsuite>
</testsuites>