<?xml version="1.0" encoding="UTF-8"?>
<coverage generated="1660891155046" clover="3.2.0">
  <project timestamp="1660891155046" name="All files">
    <metrics statements="28" coveredstatements="20" conditionals="11" coveredconditionals="9" methods="51" coveredmethods="22" elements="90" coveredelements="51" complexity="0" loc="28" ncloc="28" packages="1" files="2" classes="2"/>
    <file name="validation-rules.js" path="C:\Work\iirds-validation-tool\src\config\imports\validation-rules.js">
      <metrics statements="23" coveredstatements="20" conditionals="9" coveredconditionals="9" methods="43" coveredmethods="22"/>
      <line num="1" count="1" type="stmt"/>
      <line num="2" count="1" type="stmt"/>
      <line num="3" count="1" type="stmt"/>
      <line num="4" count="1" type="stmt"/>
      <line num="5" count="1" type="stmt"/>
      <line num="6" count="2" type="stmt"/>
      <line num="12" count="2" type="stmt"/>
      <line num="25" count="25" type="cond" truecount="2" falsecount="0"/>
      <line num="38" count="2" type="stmt"/>
      <line num="51" count="2" type="stmt"/>
      <line num="74" count="3" type="stmt"/>
      <line num="100" count="1534" type="stmt"/>
      <line num="140" count="2" type="stmt"/>
      <line num="141" count="2" type="stmt"/>
      <line num="142" count="2" type="stmt"/>
      <line num="158" count="0" type="stmt"/>
      <line num="187" count="0" type="stmt"/>
      <line num="196" count="28" type="stmt"/>
      <line num="209" count="27" type="stmt"/>
      <line num="238" count="2" type="stmt"/>
      <line num="378" count="5" type="cond" truecount="2" falsecount="0"/>
      <line num="1276" count="140" type="cond" truecount="3" falsecount="0"/>
      <line num="1289" count="0" type="cond" truecount="2" falsecount="0"/>
    </file>
    <file name="validation-rules_new.js" path="C:\Work\iirds-validation-tool\src\config\imports\validation-rules_new.js">
      <metrics statements="5" coveredstatements="0" conditionals="2" coveredconditionals="0" methods="8" coveredmethods="0"/>
      <line num="5" count="0" type="stmt"/>
      <line num="22" count="0" type="cond" truecount="0" falsecount="2"/>
      <line num="39" count="0" type="stmt"/>
      <line num="56" count="0" type="stmt"/>
      <line num="73" count="0" type="stmt"/>
    </file>
  </project>
</coverage>
